Flutter crash report.
Please report a bug at https://github.com/flutter/flutter/issues.

## command

flutter build apk

## exception

ProcessException: ProcessException: Process exited abnormally with exit code 1:
> Task :gradle:compileJava NO-SOURCE
> Task :gradle:compileGroovy UP-TO-DATE
> Task :gradle:pluginDescriptors UP-TO-DATE
> Task :gradle:processResources UP-TO-DATE
> Task :gradle:classes UP-TO-DATE
> Task :gradle:jar UP-TO-DATE
4 actionable tasks: 4 up-to-date


FAILURE: Build failed with an exception.

* Where:
Build file 'C:\Users\DELL\OneDrive\Desktop\IMPORTANT\projects\flutter stock  tracker\project\android\build.gradle' line: 19

* What went wrong:
A problem occurred evaluating root project 'android'.
> Task with name 'compileFlutterBuildDebug' not found in root project 'android'.

* Try:
> Run with --stacktrace option to get the stack trace.
> Run with --info or --debug option to get more log output.
> Run with --scan to get full insights.
> Get more help at https://help.gradle.org.

BUILD FAILED in 1s
  Command: C:\Users\DELL\OneDrive\Desktop\IMPORTANT\projects\flutter stock  tracker\project\android\gradlew.bat app:tasks --all --console=auto

```
#0      RunResult.throwException (package:flutter_tools/src/base/process.dart:122:5)
#1      _DefaultProcessUtils.run (package:flutter_tools/src/base/process.dart:370:19)
<asynchronous suspension>
#2      flavorUndefinedHandler.<anonymous closure> (package:flutter_tools/src/android/gradle_errors.dart:269:38)
<asynchronous suspension>
#3      AndroidGradleBuilder.buildGradleApp (package:flutter_tools/src/android/gradle.dart:505:40)
<asynchronous suspension>
#4      AndroidGradleBuilder.buildApk (package:flutter_tools/src/android/gradle.dart:224:5)
<asynchronous suspension>
#5      BuildApkCommand.runCommand (package:flutter_tools/src/commands/build_apk.dart:141:5)
<asynchronous suspension>
#6      FlutterCommand.run.<anonymous closure> (package:flutter_tools/src/runner/flutter_command.dart:1408:27)
<asynchronous suspension>
#7      AppContext.run.<anonymous closure> (package:flutter_tools/src/base/context.dart:153:19)
<asynchronous suspension>
#8      CommandRunner.runCommand (package:args/command_runner.dart:212:13)
<asynchronous suspension>
#9      FlutterCommandRunner.runCommand.<anonymous closure> (package:flutter_tools/src/runner/flutter_command_runner.dart:420:9)
<asynchronous suspension>
#10     AppContext.run.<anonymous closure> (package:flutter_tools/src/base/context.dart:153:19)
<asynchronous suspension>
#11     FlutterCommandRunner.runCommand (package:flutter_tools/src/runner/flutter_command_runner.dart:364:5)
<asynchronous suspension>
#12     run.<anonymous closure>.<anonymous closure> (package:flutter_tools/runner.dart:130:9)
<asynchronous suspension>
#13     AppContext.run.<anonymous closure> (package:flutter_tools/src/base/context.dart:153:19)
<asynchronous suspension>
#14     main (package:flutter_tools/executable.dart:93:3)
<asynchronous suspension>
```

## flutter doctor

```
[32m[âœ“][39m Flutter (Channel stable, 3.24.5, on Microsoft Windows [Version 10.0.22631.4460], locale
    en-IN)
    [32mâ€¢[39m Flutter version 3.24.5 on channel stable at C:\flutter
    [32mâ€¢[39m Upstream repository https://github.com/flutter/flutter.git
    [32mâ€¢[39m Framework revision dec2ee5c1f (2 weeks ago), 2024-11-13 11:13:06 -0800
    [32mâ€¢[39m Engine revision a18df97ca5
    [32mâ€¢[39m Dart version 3.5.4
    [32mâ€¢[39m DevTools version 2.37.3

[32m[âœ“][39m Windows Version (Installed version of Windows is version 10 or higher)

[32m[âœ“][39m Android toolchain - develop for Android devices (Android SDK version 34.0.0)
    [32mâ€¢[39m Android SDK at C:\Users\DELL\AppData\Local\Android\sdk
    [32mâ€¢[39m Platform android-34, build-tools 34.0.0
    [32mâ€¢[39m Java binary at: C:\Program Files\Android\Android Studio\jbr\bin\java
    [32mâ€¢[39m Java version OpenJDK Runtime Environment (build 21.0.3+-12282718-b509.11)
    [32mâ€¢[39m All Android licenses accepted.

[32m[âœ“][39m Chrome - develop for the web
    [32mâ€¢[39m Chrome at C:\Program Files\Google\Chrome\Application\chrome.exe

[33m[!][39m Visual Studio - develop Windows apps (Visual Studio Build Tools 2019 16.11.32)
    [32mâ€¢[39m Visual Studio at C:\Program Files (x86)\Microsoft Visual Studio\2019\BuildTools
    [32mâ€¢[39m Visual Studio Build Tools 2019 version 16.11.34301.259
    [31mâœ—[39m The current Visual Studio installation is incomplete.
      Please use Visual Studio Installer to complete the installation or reinstall Visual
      Studio.

[32m[âœ“][39m Android Studio (version 2024.2)
    [32mâ€¢[39m Android Studio at C:\Program Files\Android\Android Studio
    [32mâ€¢[39m Flutter plugin can be installed from:
      ðŸ”¨ https://plugins.jetbrains.com/plugin/9212-flutter
    [32mâ€¢[39m Dart plugin can be installed from:
      ðŸ”¨ https://plugins.jetbrains.com/plugin/6351-dart
    [32mâ€¢[39m Java version OpenJDK Runtime Environment (build 21.0.3+-12282718-b509.11)

[32m[âœ“][39m VS Code (version 1.95.3)
    [32mâ€¢[39m VS Code at C:\Users\DELL\AppData\Local\Programs\Microsoft VS Code
    [32mâ€¢[39m Flutter extension version 3.100.0

[32m[âœ“][39m Connected device (4 available)
    [32mâ€¢[39m V2401 (mobile)    â€¢ 10BE4E0GD600055 â€¢ android-arm64  â€¢ Android 14 (API 34)
    [32mâ€¢[39m Windows (desktop) â€¢ windows         â€¢ windows-x64    â€¢ Microsoft Windows [Version
      10.0.22631.4460]
    [32mâ€¢[39m Chrome (web)      â€¢ chrome          â€¢ web-javascript â€¢ Google Chrome 131.0.6778.86
    [32mâ€¢[39m Edge (web)        â€¢ edge            â€¢ web-javascript â€¢ Microsoft Edge 131.0.2903.70

[32m[âœ“][39m Network resources
    [32mâ€¢[39m All expected network resources are available.

[33m![39m Doctor found issues in 1 category.
```
